2024-11-30 18:03:02 [main] INFO  o.h.jpa.internal.util.LogHelper - HHH000204: Processing PersistenceUnitInfo [name: ToDoListDB]
2024-11-30 18:03:02 [main] INFO  org.hibernate.Version - HHH000412: Hibernate ORM core version 6.3.1.Final
2024-11-30 18:03:02 [main] INFO  o.h.c.i.RegionFactoryInitiator - HHH000026: Second-level cache disabled
2024-11-30 18:03:02 [main] WARN  o.hibernate.orm.connections.pooling - HHH10001002: Using built-in connection pool (not intended for production use)
2024-11-30 18:03:02 [main] INFO  o.hibernate.orm.connections.pooling - HHH10001005: Loaded JDBC driver class: com.mysql.cj.jdbc.Driver
2024-11-30 18:03:02 [main] INFO  o.hibernate.orm.connections.pooling - HHH10001012: Connecting with JDBC URL [jdbc:mysql://localhost:3306/ToDoListDB]
2024-11-30 18:03:02 [main] INFO  o.hibernate.orm.connections.pooling - HHH10001001: Connection properties: {password=****, user=root}
2024-11-30 18:03:02 [main] INFO  o.hibernate.orm.connections.pooling - HHH10001003: Autocommit mode: false
2024-11-30 18:03:03 [main] INFO  o.hibernate.orm.connections.pooling - HHH10001115: Connection pool size: 20 (min=1)
2024-11-30 18:03:03 [main] WARN  org.hibernate.orm.deprecation - HHH90000025: MySQLDialect does not need to be specified explicitly using 'hibernate.dialect' (remove the property setting and it will be selected by default)
2024-11-30 18:03:03 [main] INFO  o.h.e.t.j.p.i.JtaPlatformInitiator - HHH000489: No JTA platform available (set 'hibernate.transaction.jta.platform' to enable JTA platform integration)
2024-11-30 18:03:03 [main] INFO  o.hibernate.orm.connections.access - HHH10001501: Connection obtained from JdbcConnectionAccess [org.hibernate.engine.jdbc.env.internal.JdbcEnvironmentInitiator$ConnectionProviderJdbcConnectionAccess@382dc417] for (non-JTA) DDL execution was not in auto-commit mode; the Connection 'local transaction' will be committed and the Connection will be set into auto-commit mode.
2024-11-30 18:03:03 [main] INFO  com.todo.Main - Starting Justin's To-Do List application...
2024-11-30 18:03:21 [main] INFO  com.todo.Main - User chose to add an item with description: Testing logging
2024-11-30 18:03:21 [main] INFO  com.todo.Main - Item successfully added: ListItem{id=81, task='Testing logging'}
2024-11-30 18:03:41 [main] INFO  o.hibernate.orm.connections.pooling - HHH10001008: Cleaning up connection pool [jdbc:mysql://localhost:3306/ToDoListDB]
2024-11-30 18:03:41 [main] INFO  com.todo.Main - Exiting the application and closing EntityManagerFactory.
2024-11-30 18:04:20 [main] INFO  o.h.jpa.internal.util.LogHelper - HHH000204: Processing PersistenceUnitInfo [name: ToDoListDB]
2024-11-30 18:04:20 [main] INFO  org.hibernate.Version - HHH000412: Hibernate ORM core version 6.3.1.Final
2024-11-30 18:04:20 [main] INFO  o.h.c.i.RegionFactoryInitiator - HHH000026: Second-level cache disabled
2024-11-30 18:04:20 [main] WARN  o.hibernate.orm.connections.pooling - HHH10001002: Using built-in connection pool (not intended for production use)
2024-11-30 18:04:20 [main] INFO  o.hibernate.orm.connections.pooling - HHH10001005: Loaded JDBC driver class: com.mysql.cj.jdbc.Driver
2024-11-30 18:04:20 [main] INFO  o.hibernate.orm.connections.pooling - HHH10001012: Connecting with JDBC URL [jdbc:mysql://localhost:3306/ToDoListDB]
2024-11-30 18:04:20 [main] INFO  o.hibernate.orm.connections.pooling - HHH10001001: Connection properties: {password=****, user=root}
2024-11-30 18:04:20 [main] INFO  o.hibernate.orm.connections.pooling - HHH10001003: Autocommit mode: false
2024-11-30 18:04:20 [main] INFO  o.hibernate.orm.connections.pooling - HHH10001115: Connection pool size: 20 (min=1)
2024-11-30 18:04:21 [main] WARN  org.hibernate.orm.deprecation - HHH90000025: MySQLDialect does not need to be specified explicitly using 'hibernate.dialect' (remove the property setting and it will be selected by default)
2024-11-30 18:04:21 [main] INFO  o.h.e.t.j.p.i.JtaPlatformInitiator - HHH000489: No JTA platform available (set 'hibernate.transaction.jta.platform' to enable JTA platform integration)
2024-11-30 18:04:21 [main] INFO  o.hibernate.orm.connections.access - HHH10001501: Connection obtained from JdbcConnectionAccess [org.hibernate.engine.jdbc.env.internal.JdbcEnvironmentInitiator$ConnectionProviderJdbcConnectionAccess@382dc417] for (non-JTA) DDL execution was not in auto-commit mode; the Connection 'local transaction' will be committed and the Connection will be set into auto-commit mode.
2024-11-30 18:04:21 [main] INFO  com.todo.Main - Starting Justin's To-Do List application...
2024-11-30 18:04:24 [main] INFO  com.todo.Main - User chose to view all items.
2024-11-30 18:04:24 [main] INFO  com.todo.Main - Retrieved 12 item(s) from the database.
2024-11-30 18:04:33 [main] INFO  com.todo.Main - User chose to delete an item with ID: 79
2024-11-30 18:04:33 [main] INFO  com.todo.Main - Item successfully deleted: ListItem{id=79, task='test'}
2024-11-30 18:04:38 [main] INFO  com.todo.Main - User chose to view all items.
2024-11-30 18:04:38 [main] INFO  com.todo.Main - Retrieved 11 item(s) from the database.
2024-11-30 18:04:43 [main] INFO  o.hibernate.orm.connections.pooling - HHH10001008: Cleaning up connection pool [jdbc:mysql://localhost:3306/ToDoListDB]
2024-11-30 18:04:43 [main] INFO  com.todo.Main - Exiting the application and closing EntityManagerFactory.
